This file contains any messages produced by compilers while
running configure, to aid debugging if configure makes a mistake.

It was created by Armgo configure 1.0.0, which was
generated by GNU Autoconf 2.67.  Invocation command line was

  $ ./configure 

## --------- ##
## Platform. ##
## --------- ##

hostname = hutao-ubuntu
uname -m = i686
uname -r = 2.6.38-8-generic
uname -s = Linux
uname -v = #42-Ubuntu SMP Mon Apr 11 03:31:50 UTC 2011

/usr/bin/uname -p = unknown
/bin/uname -X     = unknown

/bin/arch              = unknown
/usr/bin/arch -k       = unknown
/usr/convex/getsysinfo = unknown
/usr/bin/hostinfo      = unknown
/bin/machine           = unknown
/usr/bin/oslevel       = unknown
/bin/universe          = unknown

PATH: /opt/skyeye/bin
PATH: /usr/local/arm/4.3.2/bin
PATH: /usr/local/sbin
PATH: /usr/local/bin
PATH: /usr/sbin
PATH: /usr/bin
PATH: /sbin
PATH: /bin
PATH: /usr/games
PATH: /usr/lib/jvm/java-6-sun/bin
PATH: /usr/lib/jvm/java-6-sun/jre/bin
PATH: /home/hutao/bin/


## ----------- ##
## Core tests. ##
## ----------- ##

configure:2152: checking for a BSD-compatible install
configure:2220: result: /usr/bin/install -c
configure:2231: checking whether build environment is sane
configure:2281: result: yes
configure:2422: checking for a thread-safe mkdir -p
configure:2461: result: /bin/mkdir -p
configure:2474: checking for gawk
configure:2504: result: no
configure:2474: checking for mawk
configure:2490: found /usr/bin/mawk
configure:2501: result: mawk
configure:2512: checking whether make sets $(MAKE)
configure:2534: result: yes
configure:2667: checking for gcc
configure:2683: found /usr/bin/gcc
configure:2694: result: gcc
configure:2923: checking for C compiler version
configure:2932: gcc --version >&5
gcc (Ubuntu/Linaro 4.5.2-8ubuntu4) 4.5.2
Copyright (C) 2010 Free Software Foundation, Inc.
This is free software; see the source for copying conditions.  There is NO
warranty; not even for MERCHANTABILITY or FITNESS FOR A PARTICULAR PURPOSE.

configure:2943: $? = 0
configure:2932: gcc -v >&5
Using built-in specs.
COLLECT_GCC=gcc
COLLECT_LTO_WRAPPER=/usr/lib/i386-linux-gnu/gcc/i686-linux-gnu/4.5.2/lto-wrapper
Target: i686-linux-gnu
Configured with: ../src/configure -v --with-pkgversion='Ubuntu/Linaro 4.5.2-8ubuntu4' --with-bugurl=file:///usr/share/doc/gcc-4.5/README.Bugs --enable-languages=c,c++,fortran,objc,obj-c++ --prefix=/usr --program-suffix=-4.5 --enable-shared --enable-multiarch --with-multiarch-defaults=i386-linux-gnu --enable-linker-build-id --with-system-zlib --libexecdir=/usr/lib/i386-linux-gnu --without-included-gettext --enable-threads=posix --with-gxx-include-dir=/usr/include/c++/4.5 --libdir=/usr/lib/i386-linux-gnu --enable-nls --with-sysroot=/ --enable-clocale=gnu --enable-libstdcxx-debug --enable-libstdcxx-time=yes --enable-plugin --enable-gold --enable-ld=default --with-plugin-ld=ld.gold --enable-objc-gc --enable-targets=all --disable-werror --with-arch-32=i686 --with-tune=generic --enable-checking=release --build=i686-linux-gnu --host=i686-linux-gnu --target=i686-linux-gnu
Thread model: posix
gcc version 4.5.2 (Ubuntu/Linaro 4.5.2-8ubuntu4) 
configure:2943: $? = 0
configure:2932: gcc -V >&5
gcc: '-V' option must have argument
configure:2943: $? = 1
configure:2932: gcc -qversion >&5
gcc: unrecognized option '-qversion'
gcc: no input files
configure:2943: $? = 1
configure:2963: checking whether the C compiler works
configure:2985: gcc    conftest.c  >&5
configure:2989: $? = 0
configure:3037: result: yes
configure:3040: checking for C compiler default output file name
configure:3042: result: a.out
configure:3048: checking for suffix of executables
configure:3055: gcc -o conftest    conftest.c  >&5
configure:3059: $? = 0
configure:3081: result: 
configure:3103: checking whether we are cross compiling
configure:3111: gcc -o conftest    conftest.c  >&5
configure:3115: $? = 0
configure:3122: ./conftest
configure:3126: $? = 0
configure:3141: result: no
configure:3146: checking for suffix of object files
configure:3168: gcc -c   conftest.c >&5
configure:3172: $? = 0
configure:3193: result: o
configure:3197: checking whether we are using the GNU C compiler
configure:3216: gcc -c   conftest.c >&5
configure:3216: $? = 0
configure:3225: result: yes
configure:3234: checking whether gcc accepts -g
configure:3254: gcc -c -g  conftest.c >&5
configure:3254: $? = 0
configure:3295: result: yes
configure:3312: checking for gcc option to accept ISO C89
configure:3376: gcc  -c -g -O2  conftest.c >&5
configure:3376: $? = 0
configure:3389: result: none needed
configure:3420: checking for style of include used by make
configure:3448: result: GNU
configure:3473: checking dependency style of gcc
configure:3583: result: gcc3
configure:3608: checking how to run the C preprocessor
configure:3639: gcc -E  conftest.c
configure:3639: $? = 0
configure:3653: gcc -E  conftest.c
conftest.c:11:28: fatal error: ac_nonexistent.h: No such file or directory
compilation terminated.
configure:3653: $? = 1
configure: failed program was:
| /* confdefs.h */
| #define PACKAGE_NAME "Armgo"
| #define PACKAGE_TARNAME "armgo"
| #define PACKAGE_VERSION "1.0.0"
| #define PACKAGE_STRING "Armgo 1.0.0"
| #define PACKAGE_BUGREPORT "hutao.me@gmail.com"
| #define PACKAGE_URL ""
| #define PACKAGE "Armgo"
| #define VERSION "1.0.0"
| /* end confdefs.h.  */
| #include <ac_nonexistent.h>
configure:3678: result: gcc -E
configure:3698: gcc -E  conftest.c
configure:3698: $? = 0
configure:3712: gcc -E  conftest.c
conftest.c:11:28: fatal error: ac_nonexistent.h: No such file or directory
compilation terminated.
configure:3712: $? = 1
configure: failed program was:
| /* confdefs.h */
| #define PACKAGE_NAME "Armgo"
| #define PACKAGE_TARNAME "armgo"
| #define PACKAGE_VERSION "1.0.0"
| #define PACKAGE_STRING "Armgo 1.0.0"
| #define PACKAGE_BUGREPORT "hutao.me@gmail.com"
| #define PACKAGE_URL ""
| #define PACKAGE "Armgo"
| #define VERSION "1.0.0"
| /* end confdefs.h.  */
| #include <ac_nonexistent.h>
configure:3741: checking for grep that handles long lines and -e
configure:3799: result: /bin/grep
configure:3804: checking for egrep
configure:3866: result: /bin/grep -E
configure:3871: checking for ANSI C header files
configure:3891: gcc -c -g -O2  conftest.c >&5
configure:3891: $? = 0
configure:3964: gcc -o conftest -g -O2   conftest.c  >&5
configure:3964: $? = 0
configure:3964: ./conftest
configure:3964: $? = 0
configure:3975: result: yes
configure:3988: checking for sys/types.h
configure:3988: gcc -c -g -O2  conftest.c >&5
configure:3988: $? = 0
configure:3988: result: yes
configure:3988: checking for sys/stat.h
configure:3988: gcc -c -g -O2  conftest.c >&5
configure:3988: $? = 0
configure:3988: result: yes
configure:3988: checking for stdlib.h
configure:3988: gcc -c -g -O2  conftest.c >&5
configure:3988: $? = 0
configure:3988: result: yes
configure:3988: checking for string.h
configure:3988: gcc -c -g -O2  conftest.c >&5
configure:3988: $? = 0
configure:3988: result: yes
configure:3988: checking for memory.h
configure:3988: gcc -c -g -O2  conftest.c >&5
configure:3988: $? = 0
configure:3988: result: yes
configure:3988: checking for strings.h
configure:3988: gcc -c -g -O2  conftest.c >&5
configure:3988: $? = 0
configure:3988: result: yes
configure:3988: checking for inttypes.h
configure:3988: gcc -c -g -O2  conftest.c >&5
configure:3988: $? = 0
configure:3988: result: yes
configure:3988: checking for stdint.h
configure:3988: gcc -c -g -O2  conftest.c >&5
configure:3988: $? = 0
configure:3988: result: yes
configure:3988: checking for unistd.h
configure:3988: gcc -c -g -O2  conftest.c >&5
configure:3988: $? = 0
configure:3988: result: yes
configure:4003: checking malloc.h usability
configure:4003: gcc -c -g -O2  conftest.c >&5
configure:4003: $? = 0
configure:4003: result: yes
configure:4003: checking malloc.h presence
configure:4003: gcc -E  conftest.c
configure:4003: $? = 0
configure:4003: result: yes
configure:4003: checking for malloc.h
configure:4003: result: yes
configure:4003: checking for stdlib.h
configure:4003: result: yes
configure:4003: checking for string.h
configure:4003: result: yes
configure:4003: checking for unistd.h
configure:4003: result: yes
configure:4015: checking for inline
configure:4031: gcc -c -g -O2  conftest.c >&5
configure:4031: $? = 0
configure:4039: result: inline
configure:4061: checking for stdlib.h
configure:4061: result: yes
configure:4071: checking for GNU libc compatible malloc
configure:4095: gcc -o conftest -g -O2   conftest.c  >&5
configure:4095: $? = 0
configure:4095: ./conftest
configure:4095: $? = 0
configure:4105: result: yes
configure:4128: checking for memset
configure:4128: gcc -o conftest -g -O2   conftest.c  >&5
conftest.c:50:6: warning: conflicting types for built-in function 'memset'
configure:4128: $? = 0
configure:4128: result: yes
configure:4259: creating ./config.status

## ---------------------- ##
## Running config.status. ##
## ---------------------- ##

This file was extended by Armgo config.status 1.0.0, which was
generated by GNU Autoconf 2.67.  Invocation command line was

  CONFIG_FILES    = 
  CONFIG_HEADERS  = 
  CONFIG_LINKS    = 
  CONFIG_COMMANDS = 
  $ ./config.status 

on hutao-ubuntu

config.status:876: creating Makefile
config.status:876: creating boot/Makefile
config.status:876: creating common/Makefile
config.status:876: creating cpu/Makefile
config.status:876: creating elf/Makefile
config.status:876: creating memory/Makefile
config.status:876: creating s3c2410/Makefile
config.status:876: creating s3c2410/device/gpio/Makefile
config.status:876: creating s3c2410/device/uart/Makefile
config.status:876: creating s3c2410/device/watchdog/Makefile
config.status:876: creating s3c2410/device/sdram/Makefile
config.status:876: creating thread/Makefile
config.status:876: creating window/Makefile
config.status:876: creating armgo/Makefile
config.status:876: creating config.h
config.status:1056: config.h is unchanged
config.status:1104: executing depfiles commands

## ---------------- ##
## Cache variables. ##
## ---------------- ##

ac_cv_c_compiler_gnu=yes
ac_cv_c_inline=inline
ac_cv_env_CC_set=
ac_cv_env_CC_value=
ac_cv_env_CFLAGS_set=
ac_cv_env_CFLAGS_value=
ac_cv_env_CPPFLAGS_set=
ac_cv_env_CPPFLAGS_value=
ac_cv_env_CPP_set=
ac_cv_env_CPP_value=
ac_cv_env_LDFLAGS_set=
ac_cv_env_LDFLAGS_value=
ac_cv_env_LIBS_set=
ac_cv_env_LIBS_value=
ac_cv_env_build_alias_set=
ac_cv_env_build_alias_value=
ac_cv_env_host_alias_set=
ac_cv_env_host_alias_value=
ac_cv_env_target_alias_set=
ac_cv_env_target_alias_value=
ac_cv_func_malloc_0_nonnull=yes
ac_cv_func_memset=yes
ac_cv_header_inttypes_h=yes
ac_cv_header_malloc_h=yes
ac_cv_header_memory_h=yes
ac_cv_header_stdc=yes
ac_cv_header_stdint_h=yes
ac_cv_header_stdlib_h=yes
ac_cv_header_string_h=yes
ac_cv_header_strings_h=yes
ac_cv_header_sys_stat_h=yes
ac_cv_header_sys_types_h=yes
ac_cv_header_unistd_h=yes
ac_cv_objext=o
ac_cv_path_EGREP='/bin/grep -E'
ac_cv_path_GREP=/bin/grep
ac_cv_path_install='/usr/bin/install -c'
ac_cv_path_mkdir=/bin/mkdir
ac_cv_prog_AWK=mawk
ac_cv_prog_CPP='gcc -E'
ac_cv_prog_ac_ct_CC=gcc
ac_cv_prog_cc_c89=
ac_cv_prog_cc_g=yes
ac_cv_prog_make_make_set=yes
am_cv_CC_dependencies_compiler_type=gcc3

## ----------------- ##
## Output variables. ##
## ----------------- ##

ACLOCAL='${SHELL} /home/hutao/arm_eclipse/src/armgo/missing --run aclocal-1.11'
AMDEPBACKSLASH='\'
AMDEP_FALSE='#'
AMDEP_TRUE=''
AMTAR='${SHELL} /home/hutao/arm_eclipse/src/armgo/missing --run tar'
AUTOCONF='${SHELL} /home/hutao/arm_eclipse/src/armgo/missing --run autoconf'
AUTOHEADER='${SHELL} /home/hutao/arm_eclipse/src/armgo/missing --run autoheader'
AUTOMAKE='${SHELL} /home/hutao/arm_eclipse/src/armgo/missing --run automake-1.11'
AWK='mawk'
CC='gcc'
CCDEPMODE='depmode=gcc3'
CFLAGS='-g -O2'
CPP='gcc -E'
CPPFLAGS=''
CYGPATH_W='echo'
DEFS='-DHAVE_CONFIG_H'
DEPDIR='.deps'
ECHO_C=''
ECHO_N='-n'
ECHO_T=''
EGREP='/bin/grep -E'
EXEEXT=''
GREP='/bin/grep'
INSTALL_DATA='${INSTALL} -m 644'
INSTALL_PROGRAM='${INSTALL}'
INSTALL_SCRIPT='${INSTALL}'
INSTALL_STRIP_PROGRAM='$(install_sh) -c -s'
LDFLAGS=''
LIBOBJS=''
LIBS=''
LTLIBOBJS=''
MAKEINFO='${SHELL} /home/hutao/arm_eclipse/src/armgo/missing --run makeinfo'
MKDIR_P='/bin/mkdir -p'
OBJEXT='o'
PACKAGE='Armgo'
PACKAGE_BUGREPORT='hutao.me@gmail.com'
PACKAGE_NAME='Armgo'
PACKAGE_STRING='Armgo 1.0.0'
PACKAGE_TARNAME='armgo'
PACKAGE_URL=''
PACKAGE_VERSION='1.0.0'
PATH_SEPARATOR=':'
SET_MAKE=''
SHELL='/bin/bash'
STRIP=''
VERSION='1.0.0'
ac_ct_CC='gcc'
am__EXEEXT_FALSE=''
am__EXEEXT_TRUE='#'
am__fastdepCC_FALSE='#'
am__fastdepCC_TRUE=''
am__include='include'
am__isrc=''
am__leading_dot='.'
am__quote=''
am__tar='${AMTAR} chof - "$$tardir"'
am__untar='${AMTAR} xf -'
bindir='${exec_prefix}/bin'
build_alias=''
datadir='${datarootdir}'
datarootdir='${prefix}/share'
docdir='${datarootdir}/doc/${PACKAGE_TARNAME}'
dvidir='${docdir}'
exec_prefix='${prefix}'
host_alias=''
htmldir='${docdir}'
includedir='${prefix}/include'
infodir='${datarootdir}/info'
install_sh='${SHELL} /home/hutao/arm_eclipse/src/armgo/install-sh'
libdir='${exec_prefix}/lib'
libexecdir='${exec_prefix}/libexec'
localedir='${datarootdir}/locale'
localstatedir='${prefix}/var'
mandir='${datarootdir}/man'
mkdir_p='/bin/mkdir -p'
oldincludedir='/usr/include'
pdfdir='${docdir}'
prefix='/usr/local'
program_transform_name='s,x,x,'
psdir='${docdir}'
sbindir='${exec_prefix}/sbin'
sharedstatedir='${prefix}/com'
sysconfdir='${prefix}/etc'
target_alias=''

## ----------- ##
## confdefs.h. ##
## ----------- ##

/* confdefs.h */
#define PACKAGE_NAME "Armgo"
#define PACKAGE_TARNAME "armgo"
#define PACKAGE_VERSION "1.0.0"
#define PACKAGE_STRING "Armgo 1.0.0"
#define PACKAGE_BUGREPORT "hutao.me@gmail.com"
#define PACKAGE_URL ""
#define PACKAGE "Armgo"
#define VERSION "1.0.0"
#define STDC_HEADERS 1
#define HAVE_SYS_TYPES_H 1
#define HAVE_SYS_STAT_H 1
#define HAVE_STDLIB_H 1
#define HAVE_STRING_H 1
#define HAVE_MEMORY_H 1
#define HAVE_STRINGS_H 1
#define HAVE_INTTYPES_H 1
#define HAVE_STDINT_H 1
#define HAVE_UNISTD_H 1
#define HAVE_MALLOC_H 1
#define HAVE_STDLIB_H 1
#define HAVE_STRING_H 1
#define HAVE_UNISTD_H 1
#define HAVE_STDLIB_H 1
#define HAVE_MALLOC 1
#define HAVE_MEMSET 1

configure: exit 0
